app/build/intermediates/manifest_merge_blame_file/debug/manifest-merger-blame-debug-report.txt
1<?xml version="1.0" encoding="utf-8"?>
2<manifest xmlns:android="http://schemas.android.com/apk/res/android"
3    package="com.neokred.pos"
4    android:versionCode="1"
5    android:versionName="1.0.0" >
6
7    <uses-sdk
8        android:minSdkVersion="24"
8-->src/main/AndroidManifest.xml
9        android:targetSdkVersion="34" />
9-->src/main/AndroidManifest.xml
10
11    <uses-permission android:name="android.permission.READ_PHONE_STATE" />
11-->src/main/AndroidManifest.xml:5:5-75
11-->src/main/AndroidManifest.xml:5:22-72
12    <uses-permission android:name="android.permission.INTERNET" />
12-->src/main/AndroidManifest.xml:6:5-67
12-->src/main/AndroidManifest.xml:6:22-64
13    <uses-permission android:name="android.permission.ACCESS_NETWORK_STATE" />
13-->src/main/AndroidManifest.xml:7:5-79
13-->src/main/AndroidManifest.xml:7:22-76
14    <uses-permission android:name="android.permission.ACCESS_WIFI_STATE" />
14-->src/main/AndroidManifest.xml:8:5-76
14-->src/main/AndroidManifest.xml:8:22-73
15    <uses-permission android:name="android.permission.READ_LOGS" />
15-->src/main/AndroidManifest.xml:9:5-68
15-->src/main/AndroidManifest.xml:9:22-65
16    <uses-permission android:name="android.permission.WRITE_EXTERNAL_STORAGE" />
16-->src/main/AndroidManifest.xml:10:5-81
16-->src/main/AndroidManifest.xml:10:22-78
17    <uses-permission android:name="android.permission.READ_EXTERNAL_STORAGE" />
17-->src/main/AndroidManifest.xml:11:5-80
17-->src/main/AndroidManifest.xml:11:22-77
18    <uses-permission android:name="android.permission.BLUETOOTH" />
18-->src/main/AndroidManifest.xml:12:5-68
18-->src/main/AndroidManifest.xml:12:22-65
19    <uses-permission android:name="android.permission.BLUETOOTH_ADMIN" />
19-->src/main/AndroidManifest.xml:13:5-74
19-->src/main/AndroidManifest.xml:13:22-71
20    <uses-permission android:name="android.permission.WAKE_LOCK" />
20-->src/main/AndroidManifest.xml:14:5-68
20-->src/main/AndroidManifest.xml:14:22-65
21    <uses-permission android:name="android.permission.DISABLE_KEYGUARD" />
21-->src/main/AndroidManifest.xml:15:5-75
21-->src/main/AndroidManifest.xml:15:22-72
22    <!-- Required permissions for Android 12 and above versions -->
23    <uses-permission
23-->src/main/AndroidManifest.xml:17:5-20:31
24        android:name="android.permission.BLUETOOTH_SCAN"
24-->src/main/AndroidManifest.xml:18:9-57
25        android:usesPermissionFlags="neverForLocation" />
25-->src/main/AndroidManifest.xml:19:9-55
26    <uses-permission android:name="android.permission.BLUETOOTH_CONNECT" />
26-->src/main/AndroidManifest.xml:21:5-76
26-->src/main/AndroidManifest.xml:21:22-73
27    <uses-permission android:name="android.permission.BLUETOOTH_ADVERTISE" />
27-->src/main/AndroidManifest.xml:22:5-78
27-->src/main/AndroidManifest.xml:22:22-75
28
29    <!-- Location permissions -->
30    <uses-permission android:name="android.permission.ACCESS_FINE_LOCATION" />
30-->src/main/AndroidManifest.xml:25:5-79
30-->src/main/AndroidManifest.xml:25:22-76
31    <uses-permission android:name="android.permission.ACCESS_COARSE_LOCATION" />
31-->src/main/AndroidManifest.xml:26:5-81
31-->src/main/AndroidManifest.xml:26:22-78
32    <uses-permission android:name="android.permission.REQUEST_INSTALL_PACKAGES" />
32-->[com.tencent.shiply:upgrade:2.2.0] AndroidManifest.xml:14:5-83
32-->[com.tencent.shiply:upgrade:2.2.0] AndroidManifest.xml:14:22-80
33    <uses-permission android:name="android.permission.DOWNLOAD_WITHOUT_NOTIFICATION" />
33-->[com.tencent.shiply:upgrade:2.2.0] AndroidManifest.xml:15:5-88
33-->[com.tencent.shiply:upgrade:2.2.0] AndroidManifest.xml:15:22-85
34    <uses-permission android:name="android.permission.CAMERA" /> <!-- Don't require camera, as this requires a rear camera. This allows it to work on the Nexus 7 -->
34-->[com.journeyapps:zxing-android-embedded:4.3.0] AndroidManifest.xml:22:5-65
34-->[com.journeyapps:zxing-android-embedded:4.3.0] AndroidManifest.xml:22:22-62
35    <uses-feature
35-->[com.journeyapps:zxing-android-embedded:4.3.0] AndroidManifest.xml:25:5-27:36
36        android:name="android.hardware.camera"
36-->[com.journeyapps:zxing-android-embedded:4.3.0] AndroidManifest.xml:26:9-47
37        android:required="false" />
37-->[com.journeyapps:zxing-android-embedded:4.3.0] AndroidManifest.xml:27:9-33
38    <uses-feature
38-->[com.journeyapps:zxing-android-embedded:4.3.0] AndroidManifest.xml:28:5-30:36
39        android:name="android.hardware.camera.front"
39-->[com.journeyapps:zxing-android-embedded:4.3.0] AndroidManifest.xml:29:9-53
40        android:required="false" /> <!-- TODO replace above two with next line after Android 4.2 -->
40-->[com.journeyapps:zxing-android-embedded:4.3.0] AndroidManifest.xml:30:9-33
41    <!-- <uses-feature android:name="android.hardware.camera.any"/> -->
42    <uses-feature
42-->[com.journeyapps:zxing-android-embedded:4.3.0] AndroidManifest.xml:33:5-35:36
43        android:name="android.hardware.camera.autofocus"
43-->[com.journeyapps:zxing-android-embedded:4.3.0] AndroidManifest.xml:34:9-57
44        android:required="false" />
44-->[com.journeyapps:zxing-android-embedded:4.3.0] AndroidManifest.xml:35:9-33
45    <uses-feature
45-->[com.journeyapps:zxing-android-embedded:4.3.0] AndroidManifest.xml:36:5-38:36
46        android:name="android.hardware.camera.flash"
46-->[com.journeyapps:zxing-android-embedded:4.3.0] AndroidManifest.xml:37:9-53
47        android:required="false" />
47-->[com.journeyapps:zxing-android-embedded:4.3.0] AndroidManifest.xml:38:9-33
48    <uses-feature
48-->[com.journeyapps:zxing-android-embedded:4.3.0] AndroidManifest.xml:39:5-41:36
49        android:name="android.hardware.screen.landscape"
49-->[com.journeyapps:zxing-android-embedded:4.3.0] AndroidManifest.xml:40:9-57
50        android:required="false" />
50-->[com.journeyapps:zxing-android-embedded:4.3.0] AndroidManifest.xml:41:9-33
51    <uses-feature
51-->[com.journeyapps:zxing-android-embedded:4.3.0] AndroidManifest.xml:42:5-44:36
52        android:name="android.hardware.wifi"
52-->[com.journeyapps:zxing-android-embedded:4.3.0] AndroidManifest.xml:43:9-45
53        android:required="false" />
53-->[com.journeyapps:zxing-android-embedded:4.3.0] AndroidManifest.xml:44:9-33
54
55    <permission
55-->[androidx.core:core:1.9.0] AndroidManifest.xml:22:5-24:47
56        android:name="com.neokred.pos.DYNAMIC_RECEIVER_NOT_EXPORTED_PERMISSION"
56-->[androidx.core:core:1.9.0] AndroidManifest.xml:23:9-81
57        android:protectionLevel="signature" />
57-->[androidx.core:core:1.9.0] AndroidManifest.xml:24:9-44
58
59    <uses-permission android:name="com.neokred.pos.DYNAMIC_RECEIVER_NOT_EXPORTED_PERMISSION" />
59-->[androidx.core:core:1.9.0] AndroidManifest.xml:26:5-97
59-->[androidx.core:core:1.9.0] AndroidManifest.xml:26:22-94
60
61    <application
61-->src/main/AndroidManifest.xml:29:5-94:19
62        android:name="com.neokred.pos.TerminalApplication"
62-->src/main/AndroidManifest.xml:30:9-59
63        android:allowBackup="true"
63-->src/main/AndroidManifest.xml:31:9-35
64        android:appComponentFactory="androidx.core.app.CoreComponentFactory"
64-->[androidx.core:core:1.9.0] AndroidManifest.xml:28:18-86
65        android:debuggable="true"
66        android:extractNativeLibs="false"
67        android:icon="@mipmap/ic_neokred_logo"
67-->src/main/AndroidManifest.xml:32:9-47
68        android:label="@string/app_name"
68-->src/main/AndroidManifest.xml:33:9-41
69        android:networkSecurityConfig="@xml/network_security_config"
69-->src/main/AndroidManifest.xml:34:9-69
70        android:supportsRtl="true"
70-->src/main/AndroidManifest.xml:35:9-35
71        android:testOnly="true"
72        android:theme="@style/Theme.Despreaddemo1" >
72-->src/main/AndroidManifest.xml:36:9-51
73        <meta-data
73-->src/main/AndroidManifest.xml:38:9-40:42
74            android:name="BUGLY_APPID"
74-->src/main/AndroidManifest.xml:39:13-39
75            android:value="b2d80aa171" />
75-->src/main/AndroidManifest.xml:40:13-39
76
77        <activity
77-->src/main/AndroidManifest.xml:42:9-54:20
78            android:name="com.neokred.pos.ui.main.MainActivity"
78-->src/main/AndroidManifest.xml:43:13-64
79            android:configChanges="orientation|keyboardHidden|screenSize"
79-->src/main/AndroidManifest.xml:44:13-74
80            android:exported="true"
80-->src/main/AndroidManifest.xml:45:13-36
81            android:theme="@style/Theme.Despreaddemo1" >
81-->src/main/AndroidManifest.xml:46:13-55
82            <intent-filter>
82-->src/main/AndroidManifest.xml:48:13-53:29
83                <action android:name="android.intent.action.MAIN" />
83-->src/main/AndroidManifest.xml:49:17-69
83-->src/main/AndroidManifest.xml:49:25-66
84
85                <category android:name="android.intent.category.LAUNCHER" />
85-->src/main/AndroidManifest.xml:52:17-77
85-->src/main/AndroidManifest.xml:52:27-74
86            </intent-filter>
87        </activity>
88        <activity
88-->src/main/AndroidManifest.xml:55:9-57:49
89            android:name="com.neokred.pos.ui.transaction.details.TransactionDetailActivity"
89-->src/main/AndroidManifest.xml:56:13-92
90            android:exported="false" />
90-->src/main/AndroidManifest.xml:57:13-37
91        <activity
91-->src/main/AndroidManifest.xml:58:9-62:20
92            android:name="com.neokred.pos.ui.transaction.reissue.ReissueReceiptActivity"
92-->src/main/AndroidManifest.xml:59:13-89
93            android:exported="false" >
93-->src/main/AndroidManifest.xml:60:13-37
94        </activity>
95        <activity
95-->src/main/AndroidManifest.xml:63:9-65:40
96            android:name="com.neokred.pos.ui.transaction.filter.TransactionFilterActivity"
96-->src/main/AndroidManifest.xml:64:13-91
97            android:exported="false" />
97-->src/main/AndroidManifest.xml:65:13-37
98        <activity
98-->src/main/AndroidManifest.xml:67:9-70:53
99            android:name="com.neokred.pos.ui.payment.PaymentStatusActivity"
99-->src/main/AndroidManifest.xml:68:13-76
100            android:exported="false"
100-->src/main/AndroidManifest.xml:69:13-37
101            android:theme="@style/StatusBarTheme" />
101-->src/main/AndroidManifest.xml:70:13-50
102        <activity
102-->src/main/AndroidManifest.xml:72:9-74:40
103            android:name="com.neokred.pos.ui.payment.PaymentMethodActivity"
103-->src/main/AndroidManifest.xml:73:13-76
104            android:exported="false" />
104-->src/main/AndroidManifest.xml:74:13-37
105        <activity
105-->src/main/AndroidManifest.xml:75:9-77:40
106            android:name="com.neokred.pos.ui.payment.PaymentGenerateActivity"
106-->src/main/AndroidManifest.xml:76:13-78
107            android:exported="false" />
107-->src/main/AndroidManifest.xml:77:13-37
108        <activity
108-->src/main/AndroidManifest.xml:78:9-80:40
109            android:name="com.neokred.pos.ui.scan.ScanCodeActivity"
109-->src/main/AndroidManifest.xml:79:13-68
110            android:exported="false" />
110-->src/main/AndroidManifest.xml:80:13-37
111        <activity
111-->src/main/AndroidManifest.xml:81:9-84:53
112            android:name="com.neokred.pos.ui.payment.PaymentActivity"
112-->src/main/AndroidManifest.xml:82:13-70
113            android:screenOrientation="portrait"
113-->src/main/AndroidManifest.xml:83:13-49
114            android:theme="@style/StatusBarTheme" />
114-->src/main/AndroidManifest.xml:84:13-50
115        <activity
115-->src/main/AndroidManifest.xml:85:9-87:40
116            android:name="com.neokred.pos.ui.printer.activities.PrintTicketActivity"
116-->src/main/AndroidManifest.xml:86:13-85
117            android:exported="false" />
117-->src/main/AndroidManifest.xml:87:13-37
118        <activity
118-->src/main/AndroidManifest.xml:88:9-90:40
119            android:name="com.neokred.pos.ui.setting.device_selection.DeviceSelectionActivity"
119-->src/main/AndroidManifest.xml:89:13-95
120            android:exported="false" />
120-->src/main/AndroidManifest.xml:90:13-37
121        <activity
121-->src/main/AndroidManifest.xml:91:9-93:40
122            android:name="com.neokred.pos.ui.setting.device_config.DeviceConfigActivity"
122-->src/main/AndroidManifest.xml:92:13-89
123            android:exported="false" />
123-->src/main/AndroidManifest.xml:93:13-37
124        <activity
124-->[mvvmhabit-release.aar] AndroidManifest.xml:10:9-12:66
125            android:name="me.goldze.mvvmhabit.base.ContainerActivity"
125-->[mvvmhabit-release.aar] AndroidManifest.xml:11:13-70
126            android:configChanges="orientation|keyboardHidden" />
126-->[mvvmhabit-release.aar] AndroidManifest.xml:12:13-63
127        <activity
127-->[mvvmhabit-release.aar] AndroidManifest.xml:13:9-15:49
128            android:name="me.goldze.mvvmhabit.crash.DefaultErrorActivity"
128-->[mvvmhabit-release.aar] AndroidManifest.xml:14:13-74
129            android:process=":error_activity" />
129-->[mvvmhabit-release.aar] AndroidManifest.xml:15:13-46
130
131        <provider
131-->[mvvmhabit-release.aar] AndroidManifest.xml:17:9-21:39
132            android:name="me.goldze.mvvmhabit.crash.CaocInitProvider"
132-->[mvvmhabit-release.aar] AndroidManifest.xml:18:13-70
133            android:authorities="com.neokred.pos.customactivityoncrashinitprovider"
133-->[mvvmhabit-release.aar] AndroidManifest.xml:19:13-85
134            android:exported="false"
134-->[mvvmhabit-release.aar] AndroidManifest.xml:20:13-37
135            android:initOrder="101" />
135-->[mvvmhabit-release.aar] AndroidManifest.xml:21:13-36
136
137        <activity
137-->[com.tencent.shiply:upgrade-ui:2.2.0] AndroidManifest.xml:10:9-12:59
138            android:name="com.tencent.upgrade.ui.UpgradeDialogActivity"
138-->[com.tencent.shiply:upgrade-ui:2.2.0] AndroidManifest.xml:11:13-72
139            android:theme="@style/upgrade_dialog_style" />
139-->[com.tencent.shiply:upgrade-ui:2.2.0] AndroidManifest.xml:12:13-56
140        <activity android:name="com.tencent.upgrade.ui.UpgradeActiveActivity" />
140-->[com.tencent.shiply:upgrade-ui:2.2.0] AndroidManifest.xml:13:9-81
140-->[com.tencent.shiply:upgrade-ui:2.2.0] AndroidManifest.xml:13:19-78
141
142        <provider
142-->[com.tencent.shiply:upgrade:2.2.0] AndroidManifest.xml:18:9-26:20
143            android:name="com.tencent.upgrade.download.UpdateFileProvider"
143-->[com.tencent.shiply:upgrade:2.2.0] AndroidManifest.xml:19:13-75
144            android:authorities="com.neokred.pos.UpdateFileProvider"
144-->[com.tencent.shiply:upgrade:2.2.0] AndroidManifest.xml:20:13-70
145            android:exported="false"
145-->[com.tencent.shiply:upgrade:2.2.0] AndroidManifest.xml:21:13-37
146            android:grantUriPermissions="true" >
146-->[com.tencent.shiply:upgrade:2.2.0] AndroidManifest.xml:22:13-47
147            <meta-data
147-->[com.tencent.shiply:upgrade:2.2.0] AndroidManifest.xml:23:13-25:62
148                android:name="android.support.FILE_PROVIDER_PATHS"
148-->[com.tencent.shiply:upgrade:2.2.0] AndroidManifest.xml:24:17-67
149                android:resource="@xml/new_app_file_paths" />
149-->[com.tencent.shiply:upgrade:2.2.0] AndroidManifest.xml:25:17-59
150        </provider>
151
152        <activity
152-->[com.journeyapps:zxing-android-embedded:4.3.0] AndroidManifest.xml:47:9-53:63
153            android:name="com.journeyapps.barcodescanner.CaptureActivity"
153-->[com.journeyapps:zxing-android-embedded:4.3.0] AndroidManifest.xml:48:13-74
154            android:clearTaskOnLaunch="true"
154-->[com.journeyapps:zxing-android-embedded:4.3.0] AndroidManifest.xml:49:13-45
155            android:screenOrientation="sensorLandscape"
155-->[com.journeyapps:zxing-android-embedded:4.3.0] AndroidManifest.xml:50:13-56
156            android:stateNotNeeded="true"
156-->[com.journeyapps:zxing-android-embedded:4.3.0] AndroidManifest.xml:51:13-42
157            android:theme="@style/zxing_CaptureTheme"
157-->[com.journeyapps:zxing-android-embedded:4.3.0] AndroidManifest.xml:52:13-54
158            android:windowSoftInputMode="stateAlwaysHidden" />
158-->[com.journeyapps:zxing-android-embedded:4.3.0] AndroidManifest.xml:53:13-60
159
160        <provider
160-->[androidx.emoji2:emoji2:1.2.0] AndroidManifest.xml:24:9-32:20
161            android:name="androidx.startup.InitializationProvider"
161-->[androidx.emoji2:emoji2:1.2.0] AndroidManifest.xml:25:13-67
162            android:authorities="com.neokred.pos.androidx-startup"
162-->[androidx.emoji2:emoji2:1.2.0] AndroidManifest.xml:26:13-68
163            android:exported="false" >
163-->[androidx.emoji2:emoji2:1.2.0] AndroidManifest.xml:27:13-37
164            <meta-data
164-->[androidx.emoji2:emoji2:1.2.0] AndroidManifest.xml:29:13-31:52
165                android:name="androidx.emoji2.text.EmojiCompatInitializer"
165-->[androidx.emoji2:emoji2:1.2.0] AndroidManifest.xml:30:17-75
166                android:value="androidx.startup" />
166-->[androidx.emoji2:emoji2:1.2.0] AndroidManifest.xml:31:17-49
167            <meta-data
167-->[androidx.lifecycle:lifecycle-process:2.6.2] AndroidManifest.xml:29:13-31:52
168                android:name="androidx.lifecycle.ProcessLifecycleInitializer"
168-->[androidx.lifecycle:lifecycle-process:2.6.2] AndroidManifest.xml:30:17-78
169                android:value="androidx.startup" />
169-->[androidx.lifecycle:lifecycle-process:2.6.2] AndroidManifest.xml:31:17-49
170            <meta-data
170-->[androidx.profileinstaller:profileinstaller:1.3.0] AndroidManifest.xml:29:13-31:52
171                android:name="androidx.profileinstaller.ProfileInstallerInitializer"
171-->[androidx.profileinstaller:profileinstaller:1.3.0] AndroidManifest.xml:30:17-85
172                android:value="androidx.startup" />
172-->[androidx.profileinstaller:profileinstaller:1.3.0] AndroidManifest.xml:31:17-49
173        </provider>
174
175        <uses-library
175-->[androidx.window:window:1.0.0] AndroidManifest.xml:25:9-27:40
176            android:name="androidx.window.extensions"
176-->[androidx.window:window:1.0.0] AndroidManifest.xml:26:13-54
177            android:required="false" />
177-->[androidx.window:window:1.0.0] AndroidManifest.xml:27:13-37
178        <uses-library
178-->[androidx.window:window:1.0.0] AndroidManifest.xml:28:9-30:40
179            android:name="androidx.window.sidecar"
179-->[androidx.window:window:1.0.0] AndroidManifest.xml:29:13-51
180            android:required="false" />
180-->[androidx.window:window:1.0.0] AndroidManifest.xml:30:13-37
181
182        <receiver
182-->[androidx.profileinstaller:profileinstaller:1.3.0] AndroidManifest.xml:34:9-52:20
183            android:name="androidx.profileinstaller.ProfileInstallReceiver"
183-->[androidx.profileinstaller:profileinstaller:1.3.0] AndroidManifest.xml:35:13-76
184            android:directBootAware="false"
184-->[androidx.profileinstaller:profileinstaller:1.3.0] AndroidManifest.xml:36:13-44
185            android:enabled="true"
185-->[androidx.profileinstaller:profileinstaller:1.3.0] AndroidManifest.xml:37:13-35
186            android:exported="true"
186-->[androidx.profileinstaller:profileinstaller:1.3.0] AndroidManifest.xml:38:13-36
187            android:permission="android.permission.DUMP" >
187-->[androidx.profileinstaller:profileinstaller:1.3.0] AndroidManifest.xml:39:13-57
188            <intent-filter>
188-->[androidx.profileinstaller:profileinstaller:1.3.0] AndroidManifest.xml:40:13-42:29
189                <action android:name="androidx.profileinstaller.action.INSTALL_PROFILE" />
189-->[androidx.profileinstaller:profileinstaller:1.3.0] AndroidManifest.xml:41:17-91
189-->[androidx.profileinstaller:profileinstaller:1.3.0] AndroidManifest.xml:41:25-88
190            </intent-filter>
191            <intent-filter>
191-->[androidx.profileinstaller:profileinstaller:1.3.0] AndroidManifest.xml:43:13-45:29
192                <action android:name="androidx.profileinstaller.action.SKIP_FILE" />
192-->[androidx.profileinstaller:profileinstaller:1.3.0] AndroidManifest.xml:44:17-85
192-->[androidx.profileinstaller:profileinstaller:1.3.0] AndroidManifest.xml:44:25-82
193            </intent-filter>
194            <intent-filter>
194-->[androidx.profileinstaller:profileinstaller:1.3.0] AndroidManifest.xml:46:13-48:29
195                <action android:name="androidx.profileinstaller.action.SAVE_PROFILE" />
195-->[androidx.profileinstaller:profileinstaller:1.3.0] AndroidManifest.xml:47:17-88
195-->[androidx.profileinstaller:profileinstaller:1.3.0] AndroidManifest.xml:47:25-85
196            </intent-filter>
197            <intent-filter>
197-->[androidx.profileinstaller:profileinstaller:1.3.0] AndroidManifest.xml:49:13-51:29
198                <action android:name="androidx.profileinstaller.action.BENCHMARK_OPERATION" />
198-->[androidx.profileinstaller:profileinstaller:1.3.0] AndroidManifest.xml:50:17-95
198-->[androidx.profileinstaller:profileinstaller:1.3.0] AndroidManifest.xml:50:25-92
199            </intent-filter>
200        </receiver>
201    </application>
202
203</manifest>